Using pre-set license
Built from '2020.3/staging' branch; Version is '2020.3.11f1 (99c7afb366b3) revision 10078127'; Using compiler version '192528614'; Build Type 'Release'
OS: 'Windows 10 Home; OS build 19042.1165; Version 2009; 64bit' Language: 'ja' Physical Memory: 16138 MB
BatchMode: 1, IsHumanControllingUs: 0, StartBugReporterOnCrash: 0, Is64bit: 1, IsPro: 0

 COMMAND LINE ARGUMENTS:
C:\Program Files\2020.3.11f1\Editor\Unity.exe
-adb2
-batchMode
-noUpm
-name
AssetImportWorker0
-projectPath
C:/Tower-Defense-Game/TowerDefenseGame
-logFile
Logs/AssetImportWorker0.log
-srvPort
65420
Successfully changed project path to: C:/Tower-Defense-Game/TowerDefenseGame
C:/Tower-Defense-Game/TowerDefenseGame
Using Asset Import Pipeline V2.
Refreshing native plugins compatible for Editor in 25.20 ms, found 2 plugins.
Preloading 0 native plugins for Editor in 0.00 ms.
Initialize engine version: 2020.3.11f1 (99c7afb366b3)
[Subsystems] Discovering subsystems at path C:/Program Files/2020.3.11f1/Editor/Data/Resources/UnitySubsystems
[Subsystems] Discovering subsystems at path C:/Tower-Defense-Game/TowerDefenseGame/Assets
GfxDevice: creating device client; threaded=0
Direct3D:
    Version:  Direct3D 11.0 [level 11.1]
    Renderer: Intel(R) UHD Graphics (ID=0x9b41)
    Vendor:   
    VRAM:     8069 MB
    Driver:   27.20.100.9749
Initialize mono
Mono path[0] = 'C:/Program Files/2020.3.11f1/Editor/Data/Managed'
Mono path[1] = 'C:/Program Files/2020.3.11f1/Editor/Data/MonoBleedingEdge/lib/mono/unityjit'
Mono config path = 'C:/Program Files/2020.3.11f1/Editor/Data/MonoBleedingEdge/etc'
Using monoOptions --debugger-agent=transport=dt_socket,embedding=1,server=y,suspend=n,address=127.0.0.1:56440
Begin MonoManager ReloadAssembly
Registering precompiled unity dll's ...
Register platform support module: C:/Program Files/2020.3.11f1/Editor/Data/PlaybackEngines/WindowsStandaloneSupport/UnityEditor.WindowsStandalone.Extensions.dll
Registered in 0.001785 seconds.
Native extension for WindowsStandalone target not found
Refreshing native plugins compatible for Editor in 28.42 ms, found 2 plugins.
Preloading 0 native plugins for Editor in 0.00 ms.
Mono: successfully reloaded assembly
- Completed reload, in  1.116 seconds
Platform modules already initialized, skipping
Registering precompiled user dll's ...
Registered in 0.003418 seconds.
Begin MonoManager ReloadAssembly
Native extension for WindowsStandalone target not found
Refreshing native plugins compatible for Editor in 0.36 ms, found 2 plugins.
Preloading 0 native plugins for Editor in 0.00 ms.
Mono: successfully reloaded assembly
- Completed reload, in  1.111 seconds
Platform modules already initialized, skipping
========================================================================
Worker process is ready to serve import requests
Launched and connected shader compiler UnityShaderCompiler.exe after 0.06 seconds
Refreshing native plugins compatible for Editor in 0.32 ms, found 2 plugins.
Preloading 0 native plugins for Editor in 0.00 ms.
Unloading 1402 Unused Serialized files (Serialized files now loaded: 0)
System memory in use before: 70.6 MB.
System memory in use after: 70.6 MB.

Unloading 19 unused Assets to reduce memory usage. Loaded Objects now: 1838.
Total: 2.186300 ms (FindLiveObjects: 0.178500 ms CreateObjectMapping: 0.040600 ms MarkObjects: 1.885900 ms  DeleteObjects: 0.080000 ms)

========================================================================
Received Import Request.
  path: Assets/Scripts/GameOver.cs
  artifactKey: Guid(fda295430f609d54b9fd00deab11fa0a) Importer(815301076,1909f56bfc062723c751e8b465ee728b)
Start importing Assets/Scripts/GameOver.cs using Guid(fda295430f609d54b9fd00deab11fa0a) Importer(815301076,1909f56bfc062723c751e8b465ee728b)  -> (artifact id: 'a458ad9b6605937f9d8740200a06855a') in 0.033536 seconds
  Import took 0.035926 seconds .

========================================================================
Received Import Request.
  Time since last request: 0.006489 seconds.
  path: Assets/Scripts/GameOver.cs
  artifactKey: Guid(fda295430f609d54b9fd00deab11fa0a) Importer(815301076,1909f56bfc062723c751e8b465ee728b)
Start importing Assets/Scripts/GameOver.cs using Guid(fda295430f609d54b9fd00deab11fa0a) Importer(815301076,1909f56bfc062723c751e8b465ee728b)  -> (artifact id: 'a458ad9b6605937f9d8740200a06855a') in 0.003000 seconds
  Import took 0.005886 seconds .

========================================================================
Received Prepare
Registering precompiled user dll's ...
Registered in 0.003112 seconds.
Begin MonoManager ReloadAssembly
Native extension for WindowsStandalone target not found
Refreshing native plugins compatible for Editor in 0.31 ms, found 2 plugins.
Preloading 0 native plugins for Editor in 0.00 ms.
Mono: successfully reloaded assembly
- Completed reload, in  1.042 seconds
Platform modules already initialized, skipping
Refreshing native plugins compatible for Editor in 0.34 ms, found 2 plugins.
Preloading 0 native plugins for Editor in 0.00 ms.
Unloading 1397 Unused Serialized files (Serialized files now loaded: 0)
System memory in use before: 70.5 MB.
System memory in use after: 70.6 MB.

Unloading 14 unused Assets to reduce memory usage. Loaded Objects now: 1841.
Total: 2.154000 ms (FindLiveObjects: 0.176300 ms CreateObjectMapping: 0.037600 ms MarkObjects: 1.873200 ms  DeleteObjects: 0.065600 ms)

========================================================================
Received Prepare
Registering precompiled user dll's ...
Registered in 0.003076 seconds.
Begin MonoManager ReloadAssembly
Native extension for WindowsStandalone target not found
Refreshing native plugins compatible for Editor in 0.38 ms, found 2 plugins.
Preloading 0 native plugins for Editor in 0.00 ms.
Mono: successfully reloaded assembly
- Completed reload, in  1.009 seconds
Platform modules already initialized, skipping
Refreshing native plugins compatible for Editor in 0.31 ms, found 2 plugins.
Preloading 0 native plugins for Editor in 0.00 ms.
Unloading 1397 Unused Serialized files (Serialized files now loaded: 0)
System memory in use before: 70.5 MB.
System memory in use after: 70.6 MB.

Unloading 14 unused Assets to reduce memory usage. Loaded Objects now: 1844.
Total: 2.136900 ms (FindLiveObjects: 0.169500 ms CreateObjectMapping: 0.040000 ms MarkObjects: 1.829600 ms  DeleteObjects: 0.096800 ms)

========================================================================
Received Prepare
Registering precompiled user dll's ...
Registered in 0.004697 seconds.
Begin MonoManager ReloadAssembly
Native extension for WindowsStandalone target not found
Refreshing native plugins compatible for Editor in 0.32 ms, found 2 plugins.
Preloading 0 native plugins for Editor in 0.00 ms.
Mono: successfully reloaded assembly
- Completed reload, in  1.093 seconds
Platform modules already initialized, skipping
Refreshing native plugins compatible for Editor in 0.45 ms, found 2 plugins.
Preloading 0 native plugins for Editor in 0.00 ms.
Unloading 1397 Unused Serialized files (Serialized files now loaded: 0)
System memory in use before: 70.5 MB.
System memory in use after: 70.6 MB.

Unloading 14 unused Assets to reduce memory usage. Loaded Objects now: 1847.
Total: 2.583000 ms (FindLiveObjects: 0.168100 ms CreateObjectMapping: 0.034800 ms MarkObjects: 2.223300 ms  DeleteObjects: 0.155700 ms)

========================================================================
Received Prepare
Registering precompiled user dll's ...
Registered in 0.003120 seconds.
Begin MonoManager ReloadAssembly
Native extension for WindowsStandalone target not found
Refreshing native plugins compatible for Editor in 0.43 ms, found 2 plugins.
Preloading 0 native plugins for Editor in 0.00 ms.
Mono: successfully reloaded assembly
- Completed reload, in  0.965 seconds
Platform modules already initialized, skipping
Refreshing native plugins compatible for Editor in 0.30 ms, found 2 plugins.
Preloading 0 native plugins for Editor in 0.00 ms.
Unloading 1397 Unused Serialized files (Serialized files now loaded: 0)
System memory in use before: 70.6 MB.
System memory in use after: 70.6 MB.

Unloading 14 unused Assets to reduce memory usage. Loaded Objects now: 1850.
Total: 2.064600 ms (FindLiveObjects: 0.167700 ms CreateObjectMapping: 0.042400 ms MarkObjects: 1.774500 ms  DeleteObjects: 0.078900 ms)

========================================================================
Received Prepare
Registering precompiled user dll's ...
Registered in 0.003870 seconds.
Begin MonoManager ReloadAssembly
Native extension for WindowsStandalone target not found
Refreshing native plugins compatible for Editor in 0.31 ms, found 2 plugins.
Preloading 0 native plugins for Editor in 0.00 ms.
Mono: successfully reloaded assembly
- Completed reload, in  1.018 seconds
Platform modules already initialized, skipping
Refreshing native plugins compatible for Editor in 0.35 ms, found 2 plugins.
Preloading 0 native plugins for Editor in 0.00 ms.
Unloading 1397 Unused Serialized files (Serialized files now loaded: 0)
System memory in use before: 70.6 MB.
System memory in use after: 70.6 MB.

Unloading 14 unused Assets to reduce memory usage. Loaded Objects now: 1853.
Total: 2.247800 ms (FindLiveObjects: 0.166600 ms CreateObjectMapping: 0.073600 ms MarkObjects: 1.925500 ms  DeleteObjects: 0.080900 ms)

========================================================================
Received Import Request.
  Time since last request: 2319.185013 seconds.
  path: Assets/Animation.anim
  artifactKey: Guid(b48aaa1bab716da43ad989ccd9af4556) Importer(815301076,1909f56bfc062723c751e8b465ee728b)
Start importing Assets/Animation.anim using Guid(b48aaa1bab716da43ad989ccd9af4556) Importer(815301076,1909f56bfc062723c751e8b465ee728b)  -> (artifact id: 'f0f15e9cb740ccb1318e0a2570538fac') in 0.019506 seconds
  Import took 0.022838 seconds .

========================================================================
Received Import Request.
  Time since last request: 3.247104 seconds.
  path: Assets/GameOver.controller
  artifactKey: Guid(52268430b2af0404abfd888520440f3d) Importer(815301076,1909f56bfc062723c751e8b465ee728b)
Start importing Assets/GameOver.controller using Guid(52268430b2af0404abfd888520440f3d) Importer(815301076,1909f56bfc062723c751e8b465ee728b)  -> (artifact id: '0359f5970abd70c01325f1ae88ff53dd') in 0.008059 seconds
  Import took 0.010649 seconds .

========================================================================
Received Import Request.
  Time since last request: 353.567018 seconds.
  path: Assets/Animation
  artifactKey: Guid(cca3f69eb62a2ab4d996394fe8490291) Importer(815301076,1909f56bfc062723c751e8b465ee728b)
Start importing Assets/Animation using Guid(cca3f69eb62a2ab4d996394fe8490291) Importer(815301076,1909f56bfc062723c751e8b465ee728b)  -> (artifact id: '2a7707aaddaa12859c683fdcd4781500') in 0.003469 seconds
  Import took 0.006686 seconds .

========================================================================
Received Import Request.
  Time since last request: 849.104921 seconds.
  path: Assets/Animation/GameOver.anim
  artifactKey: Guid(0dfa89ebab444204d947d44694c94aea) Importer(815301076,1909f56bfc062723c751e8b465ee728b)
Start importing Assets/Animation/GameOver.anim using Guid(0dfa89ebab444204d947d44694c94aea) Importer(815301076,1909f56bfc062723c751e8b465ee728b)  -> (artifact id: '53b664f8f68c18aee63fa2449ec1aa83') in 0.004543 seconds
  Import took 0.007470 seconds .

========================================================================
Received Prepare
Registering precompiled user dll's ...
Registered in 0.003576 seconds.
Begin MonoManager ReloadAssembly
Native extension for WindowsStandalone target not found
Refreshing native plugins compatible for Editor in 0.32 ms, found 2 plugins.
Preloading 0 native plugins for Editor in 0.00 ms.
Mono: successfully reloaded assembly
- Completed reload, in  0.922 seconds
Platform modules already initialized, skipping
Refreshing native plugins compatible for Editor in 0.41 ms, found 2 plugins.
Preloading 0 native plugins for Editor in 0.00 ms.
Unloading 1397 Unused Serialized files (Serialized files now loaded: 0)
System memory in use before: 70.6 MB.
System memory in use after: 70.7 MB.

Unloading 14 unused Assets to reduce memory usage. Loaded Objects now: 1856.
Total: 2.675300 ms (FindLiveObjects: 0.168500 ms CreateObjectMapping: 0.039400 ms MarkObjects: 2.360800 ms  DeleteObjects: 0.105400 ms)

========================================================================
Received Prepare
Registering precompiled user dll's ...
Registered in 0.002829 seconds.
Begin MonoManager ReloadAssembly
Native extension for WindowsStandalone target not found
Refreshing native plugins compatible for Editor in 0.35 ms, found 2 plugins.
Preloading 0 native plugins for Editor in 0.00 ms.
Mono: successfully reloaded assembly
- Completed reload, in  0.888 seconds
Platform modules already initialized, skipping
Refreshing native plugins compatible for Editor in 0.35 ms, found 2 plugins.
Preloading 0 native plugins for Editor in 0.00 ms.
Unloading 1397 Unused Serialized files (Serialized files now loaded: 0)
System memory in use before: 70.6 MB.
System memory in use after: 70.7 MB.

Unloading 14 unused Assets to reduce memory usage. Loaded Objects now: 1859.
Total: 2.140400 ms (FindLiveObjects: 0.168900 ms CreateObjectMapping: 0.041800 ms MarkObjects: 1.871600 ms  DeleteObjects: 0.057000 ms)

AssetImportWorkerClient::OnTransportError - code=2 error=End of file
